This file contains any messages produced by compilers while
running configure, to aid debugging if configure makes a mistake.

It was created by ratfor77-flake configure 1.0.2, which was
generated by GNU Autoconf 2.72.  Invocation command line was

  $ ../configure

## --------- ##
## Platform. ##
## --------- ##

hostname = contact
uname -m = x86_64
uname -r = 6.12.70
uname -s = Linux
uname -v = #1-NixOS SMP PREEMPT_DYNAMIC Wed Feb 11 12:40:29 UTC 2026

/usr/bin/uname -p = unknown
/bin/uname -X     = unknown

/bin/arch              = x86_64
/usr/bin/arch -k       = x86_64
/usr/convex/getsysinfo = unknown
/usr/bin/hostinfo      = unknown
/bin/machine           = unknown
/usr/bin/oslevel       = unknown
/bin/universe          = unknown

PATH: /home/trashman/.opam/4.14.2/bin/
PATH: /etc/doas.bin/
PATH: /home/trashman/.rbenv/shims/
PATH: /home/trashman/.local/bin/
PATH: /home/trashman/.roswell/bin/
PATH: /home/trashman/dlang/dmd-2.111.0/linux/bin64/
PATH: /home/trashman/fpc-3.2.2/bin/
PATH: /usr/local/bin/
PATH: /usr/local/chicken-6/bin/
PATH: /usr/local/mercury-rotd-2025-10-17/bin/
PATH: /usr/local/texlive/2025/bin/x86_64-linux/
PATH: /run/wrappers/bin/
PATH: /home/trashman/.nix-profile/bin/
PATH: /nix/profile/bin/
PATH: /home/trashman/.local/state/nix/profile/bin/
PATH: /etc/profiles/per-user/trashman/bin/
PATH: /nix/var/nix/profiles/default/bin/
PATH: /run/current-system/sw/bin/
PATH: /home/trashman/.config/zsh/plugins/zsh-nix-shell/


## ----------- ##
## Core tests. ##
## ----------- ##

configure:1632: loading site script /usr/local/share/config.site
| # This config.site was created by the NixOS configuration.
| 
| TARGETED_HOST="${TARGETED_HOST:-contact}"
| 
| case "$TARGETED_HOST" in
|   contact )
|     TARGETED_ARCH="${TARGETED_ARCH:-znver5}"
|     TARGETED_TUNE="${TARGETED_TUNE:-znver5}"
|     _BUILD=x86_64-unknown-linux-gnu
|     _HOST=x86_64-unknown-linux-gnu
|     _TARGET=x86_64-unknown-linux-gnu
|     ;;
|   downdraft )
|     TARGETED_ARCH="${TARGETED_ARCH:-alderlake}"
|     TARGETED_TUNE="${TARGETED_TUNE:-alderlake}"
|     _BUILD=x86_64-unknown-linux-gnu
|     _HOST=x86_64-unknown-linux-gnu
|     _TARGET=x86_64-unknown-linux-gnu
|     ;;
|   polly )
|     TARGETED_ARCH="${TARGETED_ARCH:-alderlake}"
|     TARGETED_TUNE="${TARGETED_TUNE:-alderlake}"
|     _BUILD=x86_64-unknown-linux-gnu
|     _HOST=x86_64-unknown-linux-gnu
|     _TARGET=x86_64-unknown-linux-gnu
|     ;;
|   x86_64-linux-gnu )
|     TARGETED_ARCH="${TARGETED_ARCH:-x86-64}"
|     TARGETED_TUNE="${TARGETED_TUNE:-k8}"
|     _BUILD=x86_64-unknown-linux-gnu
|     _HOST=x86_64-linux-gnu
|     _TARGET=x86_64-linux-gnu
|     ;;
|   x86_64-unknown-linux-gnu )
|     TARGETED_ARCH="${TARGETED_ARCH:-x86-64}"
|     TARGETED_TUNE="${TARGETED_TUNE:-k8}"
|     _BUILD=x86_64-unknown-linux-gnu
|     _HOST=x86_64-unknown-linux-gnu
|     _TARGET=x86_64-unknown-linux-gnu
|     ;;
|   x86_64-pc-linux-gnu )
|     TARGETED_ARCH="${TARGETED_ARCH:-x86-64}"
|     TARGETED_TUNE="${TARGETED_TUNE:-k8}"
|     _BUILD=x86_64-unknown-linux-gnu
|     _HOST=x86_64-pc-linux-gnu
|     _TARGET=x86_64-pc-linux-gnu
|     ;;
|   * )
|     echo "unrecognized TARGETED_HOST: ‘$TARGETED_HOST’"
|     exit 1
|     ;;
| esac
| 
| ac_cv_build="${ac_cv_build-$_BUILD}"
| ac_cv_host="${ac_cv_host-$_HOST}"
| ac_cv_target="${ac_cv_target-$_TARGET}"
| 
| test "$prefix" = NONE && prefix=/usr/local
| 
| test "$enable_maintainer_mode" = NONE && enable_maintainer_mode=no
| test "$enable_silent_rules" = NONE && enable_silent_rules=yes
| 
| test "$enable_nls" = NONE && enable_nls=no
| 
| test "$enable_new_dtags" = NONE && enable_new_dtags=yes
| 
| test "$enable_shared" = NONE && enable_shared=yes
| test "$enable_static" = NONE && enable_static=yes
| 
| test "$enable_year2038" = NONE && enable_year2038=yes
| 
| test "$with_pic" = NONE && with_pic=yes
| 
| libdir=/usr/local/lib
| 
| CFLAGS="${CFLAGS}${CFLAGS+ }-pipe -g -O2 -fPIC -march=""$TARGETED_ARCH"" -mtune=""$TARGETED_TUNE""${EXTRA_USR_LOCAL_CFLAGS+ }$EXTRA_USR_LOCAL_CFLAGS"
| CXXFLAGS="${CXXFLAGS}${CXXFLAGS+ }-pipe -g -O2 -fPIC -march=""$TARGETED_ARCH"" -mtune=""$TARGETED_TUNE""${EXTRA_USR_LOCAL_CXXFLAGS+ }$EXTRA_USR_LOCAL_CXXFLAGS"
configure:1674: looking for aux files: install-sh
configure:1687:  trying ../build-aux/
configure:1698:   ../build-aux/install-sh found
configure:1834: checking for a race-free mkdir -p
configure:1877: result: /run/current-system/sw/bin/mkdir -p
configure:1880: checking for a sed that does not truncate output
configure:1952: result: /run/current-system/sw/bin/sed
configure:1961: checking for nixfmt
configure:1982: found /run/current-system/sw/bin/nixfmt
configure:1994: result: nixfmt
configure:2170: creating ./config.status

## ---------------------- ##
## Running config.status. ##
## ---------------------- ##

This file was extended by ratfor77-flake config.status 1.0.2, which was
generated by GNU Autoconf 2.72.  Invocation command line was

  CONFIG_FILES    = 
  CONFIG_HEADERS  = 
  CONFIG_LINKS    = 
  CONFIG_COMMANDS = 
  $ ./config.status 

on contact

config.status:695: executing flake-diversification commands

## ---------------- ##
## Cache variables. ##
## ---------------- ##

ac_cv_build=x86_64-unknown-linux-gnu
ac_cv_env_NIXPKGS_VERSION_set=
ac_cv_env_NIXPKGS_VERSION_value=
ac_cv_env_SYSTEM_set=
ac_cv_env_SYSTEM_value=
ac_cv_env_build_alias_set=
ac_cv_env_build_alias_value=
ac_cv_env_host_alias_set=
ac_cv_env_host_alias_value=
ac_cv_env_target_alias_set=
ac_cv_env_target_alias_value=
ac_cv_host=x86_64-unknown-linux-gnu
ac_cv_path_SED=/run/current-system/sw/bin/sed
ac_cv_path_mkdir=/run/current-system/sw/bin/mkdir
ac_cv_prog_NIXFMT=nixfmt
ac_cv_target=x86_64-unknown-linux-gnu

## ----------------- ##
## Output variables. ##
## ----------------- ##

DEFS='-DPACKAGE_NAME=\"ratfor77-flake\" -DPACKAGE_TARNAME=\"ratfor77-flake\" -DPACKAGE_VERSION=\"1.0.2\" -DPACKAGE_STRING=\"ratfor77-flake\ 1.0.2\" -DPACKAGE_BUGREPORT=\"\" -DPACKAGE_URL=\"\"'
ECHO_C=''
ECHO_N='-n'
ECHO_T=''
LIBOBJS=''
LIBS=''
LTLIBOBJS=''
MKDIR_P='/run/current-system/sw/bin/mkdir -p'
NIXFMT='nixfmt'
NIXPKGS_VERSION='release-25.05 release-25.11 nixos-unstable'
PACKAGE_BUGREPORT=''
PACKAGE_NAME='ratfor77-flake'
PACKAGE_STRING='ratfor77-flake 1.0.2'
PACKAGE_TARNAME='ratfor77-flake'
PACKAGE_URL=''
PACKAGE_VERSION='1.0.2'
PATH_SEPARATOR=':'
SED='/run/current-system/sw/bin/sed'
SHELL='/bin/sh'
SYSTEM='x86_64-linux aarch64-linux x86_64-darwin aarch64-darwin'
bindir='${exec_prefix}/bin'
build_alias=''
datadir='${datarootdir}'
datarootdir='${prefix}/share'
docdir='${datarootdir}/doc/${PACKAGE_TARNAME}'
dvidir='${docdir}'
exec_prefix='${prefix}'
host_alias=''
htmldir='${docdir}'
includedir='${prefix}/include'
infodir='${datarootdir}/info'
libdir='/usr/local/lib'
libexecdir='${exec_prefix}/libexec'
localedir='${datarootdir}/locale'
localstatedir='${prefix}/var'
mandir='${datarootdir}/man'
oldincludedir='/usr/include'
pdfdir='${docdir}'
prefix='/usr/local'
program_transform_name='s,x,x,'
psdir='${docdir}'
runstatedir='${localstatedir}/run'
sbindir='${exec_prefix}/sbin'
sharedstatedir='${prefix}/com'
sysconfdir='${prefix}/etc'
target_alias=''

## ----------- ##
## confdefs.h. ##
## ----------- ##

/* confdefs.h */
#define PACKAGE_NAME "ratfor77-flake"
#define PACKAGE_TARNAME "ratfor77-flake"
#define PACKAGE_VERSION "1.0.2"
#define PACKAGE_STRING "ratfor77-flake 1.0.2"
#define PACKAGE_BUGREPORT ""
#define PACKAGE_URL ""

configure: exit 0
